<?xml version="1.0" encoding="UTF-8"?>
<!-- Generated by org.testng.reporters.JUnitReportReporter -->
<testsuite hostname="DESKTOP-684U27P" failures="0" tests="1" name="RestAssuredCodes.Validate_JSON_Response_Body" time="6.487" errors="0" timestamp="2023-07-05T20:17:45 IST" skipped="0">
  <testcase classname="RestAssuredCodes.Validate_JSON_Response_Body" name="userListResponseBody" time="6.487"/>
  <system-out/>
</testsuite> <!-- RestAssuredCodes.Validate_JSON_Response_Body -->
