<?xml version="1.0" encoding="UTF-8"?>
<!-- Generated by org.testng.reporters.JUnitReportReporter -->
<testsuite hostname="DESKTOP-684U27P" failures="0" tests="1" name="RestAssuredCodes.Test_PostMethod" time="5.069" errors="0" timestamp="2023-07-03T12:32:20 IST" skipped="0">
  <testcase classname="RestAssuredCodes.Test_PostMethod" name="test03" time="5.069"/>
  <system-out/>
</testsuite> <!-- RestAssuredCodes.Test_PostMethod -->
