<?xml version="1.0" encoding="UTF-8"?>
<!-- Generated by org.testng.reporters.JUnitReportReporter -->
<testsuite hostname="DESKTOP-684U27P" failures="0" tests="2" name="RestAssuredCodes.Test_GetMethod" time="5.191" errors="0" timestamp="2023-07-03T12:08:07 IST" skipped="0">
  <testcase classname="RestAssuredCodes.Test_GetMethod" name="test02" time="0.430"/>
  <system-out/>
  <testcase classname="RestAssuredCodes.Test_GetMethod" name="test01" time="4.761"/>
  <system-out/>
</testsuite> <!-- RestAssuredCodes.Test_GetMethod -->
