<?xml version="1.0" encoding="UTF-8"?>
<!-- Generated by org.testng.reporters.JUnitReportReporter -->
<testsuite hostname="DESKTOP-684U27P" failures="0" tests="1" name="RestAssuredCodes.Check_Valid_Response" time="8.255" errors="0" timestamp="2023-07-04T11:04:59 IST" skipped="0">
  <testcase classname="RestAssuredCodes.Check_Valid_Response" name="getSingleUser" time="8.255"/>
  <system-out/>
</testsuite> <!-- RestAssuredCodes.Check_Valid_Response -->
