<?xml version="1.0" encoding="UTF-8"?>
<!-- Generated by org.testng.reporters.JUnitReportReporter -->
<testsuite hostname="DESKTOP-684U27P" failures="0" tests="1" name="RestAssuredCodes.Test_PutMethod" time="6.636" errors="0" timestamp="2023-07-03T12:39:37 IST" skipped="0">
  <testcase classname="RestAssuredCodes.Test_PutMethod" name="test04" time="6.636"/>
  <system-out/>
</testsuite> <!-- RestAssuredCodes.Test_PutMethod -->
