<?xml version="1.0" encoding="UTF-8"?>
<!-- Generated by org.testng.reporters.JUnitReportReporter -->
<testsuite hostname="DESKTOP-684U27P" failures="0" tests="1" name="RestAssuredCodes.Quary_Parameter" time="5.283" errors="0" timestamp="2023-07-05T22:52:51 IST" skipped="0">
  <testcase classname="RestAssuredCodes.Quary_Parameter" name="filterData" time="5.283"/>
  <system-out/>
</testsuite> <!-- RestAssuredCodes.Quary_Parameter -->
