<?xml version="1.0" encoding="UTF-8"?>
<!-- Generated by org.testng.reporters.JUnitReportReporter -->
<testsuite hostname="DESKTOP-684U27P" failures="0" tests="1" name="RestAssuredCodes.Check_Valid_Response" time="3.675" errors="0" timestamp="2023-07-05T19:07:16 IST" skipped="0">
  <testcase classname="RestAssuredCodes.Check_Valid_Response" name="getSingleUser" time="3.675"/>
  <system-out/>
</testsuite> <!-- RestAssuredCodes.Check_Valid_Response -->
