<?xml version="1.0" encoding="UTF-8"?>
<!-- Generated by org.testng.reporters.JUnitReportReporter -->
<testsuite hostname="DESKTOP-684U27P" failures="0" tests="1" name="RestAssuredCodes.First_Get_Request" time="4.477" errors="0" timestamp="2023-07-02T20:07:44 IST" skipped="0">
  <testcase classname="RestAssuredCodes.First_Get_Request" name="testcase01" time="4.477"/>
  <system-out/>
</testsuite> <!-- RestAssuredCodes.First_Get_Request -->
