<?xml version="1.0" encoding="UTF-8"?>
<!-- Generated by org.testng.reporters.JUnitReportReporter -->
<testsuite hostname="DESKTOP-684U27P" failures="0" tests="1" name="RestAssuredCodes.Test_DeleteMethod" time="5.704" errors="0" timestamp="2023-07-03T12:50:21 IST" skipped="0">
  <testcase classname="RestAssuredCodes.Test_DeleteMethod" name="test05" time="5.704"/>
  <system-out/>
</testsuite> <!-- RestAssuredCodes.Test_DeleteMethod -->
